\BOOKMARK [0][-]{chapter.1}{\376\377\000C\000l\000a\000s\000s\000\040\000I\000n\000d\000e\000x}{}
\BOOKMARK [1][-]{section.1.1}{\376\377\000C\000l\000a\000s\000s\000\040\000H\000i\000e\000r\000a\000r\000c\000h\000y}{chapter.1}
\BOOKMARK [0][-]{chapter.2}{\376\377\000C\000l\000a\000s\000s\000\040\000I\000n\000d\000e\000x}{}
\BOOKMARK [1][-]{section.2.1}{\376\377\000C\000l\000a\000s\000s\000\040\000L\000i\000s\000t}{chapter.2}
\BOOKMARK [0][-]{chapter.3}{\376\377\000F\000i\000l\000e\000\040\000I\000n\000d\000e\000x}{}
\BOOKMARK [1][-]{section.3.1}{\376\377\000F\000i\000l\000e\000\040\000L\000i\000s\000t}{chapter.3}
\BOOKMARK [0][-]{chapter.4}{\376\377\000C\000l\000a\000s\000s\000\040\000D\000o\000c\000u\000m\000e\000n\000t\000a\000t\000i\000o\000n}{}
\BOOKMARK [1][-]{section.4.1}{\376\377\000A\000c\000t\000i\000o\000n\000\040\000C\000l\000a\000s\000s\000\040\000R\000e\000f\000e\000r\000e\000n\000c\000e}{chapter.4}
\BOOKMARK [2][-]{subsection.4.1.1}{\376\377\000D\000e\000t\000a\000i\000l\000e\000d\000\040\000D\000e\000s\000c\000r\000i\000p\000t\000i\000o\000n}{section.4.1}
\BOOKMARK [2][-]{subsection.4.1.2}{\376\377\000C\000o\000n\000s\000t\000r\000u\000c\000t\000o\000r\000\040\000\046\000\040\000D\000e\000s\000t\000r\000u\000c\000t\000o\000r\000\040\000D\000o\000c\000u\000m\000e\000n\000t\000a\000t\000i\000o\000n}{section.4.1}
\BOOKMARK [3][-]{subsubsection.4.1.2.1}{\376\377\000A\000c\000t\000i\000o\000n}{subsection.4.1.2}
\BOOKMARK [3][-]{subsubsection.4.1.2.2}{\376\377\000A\000c\000t\000i\000o\000n}{subsection.4.1.2}
\BOOKMARK [2][-]{subsection.4.1.3}{\376\377\000M\000e\000m\000b\000e\000r\000\040\000F\000u\000n\000c\000t\000i\000o\000n\000\040\000D\000o\000c\000u\000m\000e\000n\000t\000a\000t\000i\000o\000n}{section.4.1}
\BOOKMARK [3][-]{subsubsection.4.1.3.1}{\376\377\000c\000l\000o\000s\000e\000s\000t\000P\000l\000a\000y\000e\000r}{subsection.4.1.3}
\BOOKMARK [3][-]{subsubsection.4.1.3.2}{\376\377\000d\000r\000i\000b\000b\000l\000e\000T\000o\000G\000o\000a\000l}{subsection.4.1.3}
\BOOKMARK [3][-]{subsubsection.4.1.3.3}{\376\377\000f\000i\000n\000d\000B\000a\000l\000l}{subsection.4.1.3}
\BOOKMARK [3][-]{subsubsection.4.1.3.4}{\376\377\000F\000u\000l\000l\000B\000a\000c\000k\000\137\000f\000i\000n\000d\000B\000a\000l\000l}{subsection.4.1.3}
\BOOKMARK [3][-]{subsubsection.4.1.3.5}{\376\377\000g\000o\000H\000o\000m\000e}{subsection.4.1.3}
\BOOKMARK [3][-]{subsubsection.4.1.3.6}{\376\377\000g\000o\000t\000o\000P\000o\000i\000n\000t}{subsection.4.1.3}
\BOOKMARK [3][-]{subsubsection.4.1.3.7}{\376\377\000g\000o\000t\000o\000P\000o\000i\000n\000t}{subsection.4.1.3}
\BOOKMARK [3][-]{subsubsection.4.1.3.8}{\376\377\000k\000i\000c\000k\000T\000o\000P\000o\000i\000n\000t}{subsection.4.1.3}
\BOOKMARK [3][-]{subsubsection.4.1.3.9}{\376\377\000k\000i\000c\000k\000T\000o\000P\000o\000i\000n\000t}{subsection.4.1.3}
\BOOKMARK [3][-]{subsubsection.4.1.3.10}{\376\377\000s\000e\000t\000M\000e\000m}{subsection.4.1.3}
\BOOKMARK [1][-]{section.4.2}{\376\377\000B\000r\000a\000i\000n\000\040\000C\000l\000a\000s\000s\000\040\000R\000e\000f\000e\000r\000e\000n\000c\000e}{chapter.4}
\BOOKMARK [2][-]{subsection.4.2.1}{\376\377\000D\000e\000t\000a\000i\000l\000e\000d\000\040\000D\000e\000s\000c\000r\000i\000p\000t\000i\000o\000n}{section.4.2}
\BOOKMARK [2][-]{subsection.4.2.2}{\376\377\000C\000o\000n\000s\000t\000r\000u\000c\000t\000o\000r\000\040\000\046\000\040\000D\000e\000s\000t\000r\000u\000c\000t\000o\000r\000\040\000D\000o\000c\000u\000m\000e\000n\000t\000a\000t\000i\000o\000n}{section.4.2}
\BOOKMARK [3][-]{subsubsection.4.2.2.1}{\376\377\000B\000r\000a\000i\000n}{subsection.4.2.2}
\BOOKMARK [2][-]{subsection.4.2.3}{\376\377\000M\000e\000m\000b\000e\000r\000\040\000F\000u\000n\000c\000t\000i\000o\000n\000\040\000D\000o\000c\000u\000m\000e\000n\000t\000a\000t\000i\000o\000n}{section.4.2}
\BOOKMARK [3][-]{subsubsection.4.2.3.1}{\376\377\000g\000e\000t\000C\000u\000r\000r\000e\000n\000t\000M\000o\000d\000e}{subsection.4.2.3}
\BOOKMARK [3][-]{subsubsection.4.2.3.2}{\376\377\000g\000e\000t\000M\000a\000r\000k\000e\000d\000\137\000t\000e\000a\000m}{subsection.4.2.3}
\BOOKMARK [3][-]{subsubsection.4.2.3.3}{\376\377\000g\000e\000t\000M\000a\000r\000k\000e\000d\000\137\000u\000n\000u\000m}{subsection.4.2.3}
\BOOKMARK [3][-]{subsubsection.4.2.3.4}{\376\377\000s\000e\000t\000D\000e\000f\000e\000n\000s\000i\000v\000e}{subsection.4.2.3}
\BOOKMARK [3][-]{subsubsection.4.2.3.5}{\376\377\000s\000e\000t\000M\000a\000r\000k\000e\000d\000\137\000t\000e\000a\000m}{subsection.4.2.3}
\BOOKMARK [3][-]{subsubsection.4.2.3.6}{\376\377\000s\000e\000t\000M\000a\000r\000k\000e\000d\000\137\000u\000n\000u\000m}{subsection.4.2.3}
\BOOKMARK [3][-]{subsubsection.4.2.3.7}{\376\377\000s\000e\000t\000O\000f\000f\000e\000n\000s\000i\000v\000e}{subsection.4.2.3}
\BOOKMARK [1][-]{section.4.3}{\376\377\000F\000i\000e\000l\000d\000\040\000C\000l\000a\000s\000s\000\040\000R\000e\000f\000e\000r\000e\000n\000c\000e}{chapter.4}
\BOOKMARK [2][-]{subsection.4.3.1}{\376\377\000D\000e\000t\000a\000i\000l\000e\000d\000\040\000D\000e\000s\000c\000r\000i\000p\000t\000i\000o\000n}{section.4.3}
\BOOKMARK [2][-]{subsection.4.3.2}{\376\377\000C\000o\000n\000s\000t\000r\000u\000c\000t\000o\000r\000\040\000\046\000\040\000D\000e\000s\000t\000r\000u\000c\000t\000o\000r\000\040\000D\000o\000c\000u\000m\000e\000n\000t\000a\000t\000i\000o\000n}{section.4.3}
\BOOKMARK [3][-]{subsubsection.4.3.2.1}{\376\377\000F\000i\000e\000l\000d}{subsection.4.3.2}
\BOOKMARK [1][-]{section.4.4}{\376\377\000F\000o\000r\000w\000a\000r\000d\000\040\000C\000l\000a\000s\000s\000\040\000R\000e\000f\000e\000r\000e\000n\000c\000e}{chapter.4}
\BOOKMARK [2][-]{subsection.4.4.1}{\376\377\000D\000e\000t\000a\000i\000l\000e\000d\000\040\000D\000e\000s\000c\000r\000i\000p\000t\000i\000o\000n}{section.4.4}
\BOOKMARK [1][-]{section.4.5}{\376\377\000F\000u\000l\000l\000B\000a\000c\000k\000\040\000C\000l\000a\000s\000s\000\040\000R\000e\000f\000e\000r\000e\000n\000c\000e}{chapter.4}
\BOOKMARK [2][-]{subsection.4.5.1}{\376\377\000D\000e\000t\000a\000i\000l\000e\000d\000\040\000D\000e\000s\000c\000r\000i\000p\000t\000i\000o\000n}{section.4.5}
\BOOKMARK [2][-]{subsection.4.5.2}{\376\377\000C\000o\000n\000s\000t\000r\000u\000c\000t\000o\000r\000\040\000\046\000\040\000D\000e\000s\000t\000r\000u\000c\000t\000o\000r\000\040\000D\000o\000c\000u\000m\000e\000n\000t\000a\000t\000i\000o\000n}{section.4.5}
\BOOKMARK [3][-]{subsubsection.4.5.2.1}{\376\377\000F\000u\000l\000l\000B\000a\000c\000k}{subsection.4.5.2}
\BOOKMARK [3][-]{subsubsection.4.5.2.2}{\376\377\000F\000u\000l\000l\000B\000a\000c\000k}{subsection.4.5.2}
\BOOKMARK [2][-]{subsection.4.5.3}{\376\377\000M\000e\000m\000b\000e\000r\000\040\000F\000u\000n\000c\000t\000i\000o\000n\000\040\000D\000o\000c\000u\000m\000e\000n\000t\000a\000t\000i\000o\000n}{section.4.5}
\BOOKMARK [3][-]{subsubsection.4.5.3.1}{\376\377\000c\000l\000o\000s\000e\000s\000t\000P\000l\000a\000y\000e\000r}{subsection.4.5.3}
\BOOKMARK [3][-]{subsubsection.4.5.3.2}{\376\377\000i\000n\000i\000t\000F\000u\000l\000l\000B\000a\000c\000k}{subsection.4.5.3}
\BOOKMARK [3][-]{subsubsection.4.5.3.3}{\376\377\000i\000n\000i\000t\000F\000u\000l\000l\000B\000a\000c\000k}{subsection.4.5.3}
\BOOKMARK [1][-]{section.4.6}{\376\377\000F\000u\000l\000l\000B\000a\000c\000k\000B\000r\000a\000i\000n\000\040\000C\000l\000a\000s\000s\000\040\000R\000e\000f\000e\000r\000e\000n\000c\000e}{chapter.4}
\BOOKMARK [2][-]{subsection.4.6.1}{\376\377\000C\000o\000n\000s\000t\000r\000u\000c\000t\000o\000r\000\040\000\046\000\040\000D\000e\000s\000t\000r\000u\000c\000t\000o\000r\000\040\000D\000o\000c\000u\000m\000e\000n\000t\000a\000t\000i\000o\000n}{section.4.6}
\BOOKMARK [3][-]{subsubsection.4.6.1.1}{\376\377\000F\000u\000l\000l\000B\000a\000c\000k\000B\000r\000a\000i\000n}{subsection.4.6.1}
\BOOKMARK [3][-]{subsubsection.4.6.1.2}{\376\377\000F\000u\000l\000l\000B\000a\000c\000k\000B\000r\000a\000i\000n}{subsection.4.6.1}
\BOOKMARK [2][-]{subsection.4.6.2}{\376\377\000M\000e\000m\000b\000e\000r\000\040\000F\000u\000n\000c\000t\000i\000o\000n\000\040\000D\000o\000c\000u\000m\000e\000n\000t\000a\000t\000i\000o\000n}{section.4.6}
\BOOKMARK [3][-]{subsubsection.4.6.2.1}{\376\377\000g\000e\000t\000A\000c\000t\000i\000o\000n\000s}{subsection.4.6.2}
\BOOKMARK [3][-]{subsubsection.4.6.2.2}{\376\377\000g\000e\000t\000C\000u\000r\000r\000e\000n\000t\000M\000o\000d\000e}{subsection.4.6.2}
\BOOKMARK [3][-]{subsubsection.4.6.2.3}{\376\377\000g\000e\000t\000M\000a\000r\000k\000e\000d\000\137\000t\000e\000a\000m}{subsection.4.6.2}
\BOOKMARK [3][-]{subsubsection.4.6.2.4}{\376\377\000g\000e\000t\000M\000a\000r\000k\000e\000d\000\137\000u\000n\000u\000m}{subsection.4.6.2}
\BOOKMARK [3][-]{subsubsection.4.6.2.5}{\376\377\000r\000u\000n}{subsection.4.6.2}
\BOOKMARK [3][-]{subsubsection.4.6.2.6}{\376\377\000s\000e\000t\000A\000c\000t\000i\000o\000n\000s}{subsection.4.6.2}
\BOOKMARK [3][-]{subsubsection.4.6.2.7}{\376\377\000s\000e\000t\000D\000e\000f\000e\000n\000s\000i\000v\000e}{subsection.4.6.2}
\BOOKMARK [3][-]{subsubsection.4.6.2.8}{\376\377\000s\000e\000t\000M\000a\000r\000k\000e\000d\000\137\000t\000e\000a\000m}{subsection.4.6.2}
\BOOKMARK [3][-]{subsubsection.4.6.2.9}{\376\377\000s\000e\000t\000M\000a\000r\000k\000e\000d\000\137\000u\000n\000u\000m}{subsection.4.6.2}
\BOOKMARK [3][-]{subsubsection.4.6.2.10}{\376\377\000s\000e\000t\000O\000f\000f\000e\000n\000s\000i\000v\000e}{subsection.4.6.2}
\BOOKMARK [1][-]{section.4.7}{\376\377\000G\000a\000m\000e\000\040\000C\000l\000a\000s\000s\000\040\000R\000e\000f\000e\000r\000e\000n\000c\000e}{chapter.4}
\BOOKMARK [2][-]{subsection.4.7.1}{\376\377\000D\000e\000t\000a\000i\000l\000e\000d\000\040\000D\000e\000s\000c\000r\000i\000p\000t\000i\000o\000n}{section.4.7}
\BOOKMARK [1][-]{section.4.8}{\376\377\000G\000o\000a\000l\000i\000e\000\040\000C\000l\000a\000s\000s\000\040\000R\000e\000f\000e\000r\000e\000n\000c\000e}{chapter.4}
\BOOKMARK [2][-]{subsection.4.8.1}{\376\377\000D\000e\000t\000a\000i\000l\000e\000d\000\040\000D\000e\000s\000c\000r\000i\000p\000t\000i\000o\000n}{section.4.8}
\BOOKMARK [2][-]{subsection.4.8.2}{\376\377\000M\000e\000m\000b\000e\000r\000\040\000F\000u\000n\000c\000t\000i\000o\000n\000\040\000D\000o\000c\000u\000m\000e\000n\000t\000a\000t\000i\000o\000n}{section.4.8}
\BOOKMARK [3][-]{subsubsection.4.8.2.1}{\376\377\000b\000a\000l\000l\000I\000n\000G\000o\000a\000l\000z\000o\000n\000e}{subsection.4.8.2}
\BOOKMARK [3][-]{subsubsection.4.8.2.2}{\376\377\000c\000a\000t\000c\000h\000a\000b\000l\000e}{subsection.4.8.2}
\BOOKMARK [3][-]{subsubsection.4.8.2.3}{\376\377\000c\000a\000t\000c\000h\000b\000a\000l\000l}{subsection.4.8.2}
\BOOKMARK [3][-]{subsubsection.4.8.2.4}{\376\377\000c\000l\000o\000s\000e\000s\000t\000P\000l\000a\000y\000e\000r}{subsection.4.8.2}
\BOOKMARK [3][-]{subsubsection.4.8.2.5}{\376\377\000d\000e\000f\000e\000n\000d\000G\000o\000a\000l}{subsection.4.8.2}
\BOOKMARK [3][-]{subsubsection.4.8.2.6}{\376\377\000f\000o\000l\000l\000o\000w\000B\000a\000l\000l}{subsection.4.8.2}
\BOOKMARK [3][-]{subsubsection.4.8.2.7}{\376\377\000g\000e\000t\000B\000t\000w\000B\000a\000l\000l\000A\000n\000d\000G\000o\000a\000l}{subsection.4.8.2}
\BOOKMARK [3][-]{subsubsection.4.8.2.8}{\376\377\000i\000n\000i\000t\000G\000o\000a\000l\000i\000e}{subsection.4.8.2}
\BOOKMARK [3][-]{subsubsection.4.8.2.9}{\376\377\000k\000i\000c\000k\000B\000a\000l\000l\000O\000u\000t\000O\000f\000B\000o\000u\000n\000d\000s}{subsection.4.8.2}
\BOOKMARK [3][-]{subsubsection.4.8.2.10}{\376\377\000k\000i\000c\000k\000T\000o\000P\000l\000a\000y\000e\000r}{subsection.4.8.2}
\BOOKMARK [3][-]{subsubsection.4.8.2.11}{\376\377\000p\000o\000s\000i\000t\000i\000o\000n\000G\000o\000a\000l\000i\000e}{subsection.4.8.2}
\BOOKMARK [1][-]{section.4.9}{\376\377\000G\000o\000a\000l\000i\000e\000B\000r\000a\000i\000n\000\040\000C\000l\000a\000s\000s\000\040\000R\000e\000f\000e\000r\000e\000n\000c\000e}{chapter.4}
\BOOKMARK [2][-]{subsection.4.9.1}{\376\377\000C\000o\000n\000s\000t\000r\000u\000c\000t\000o\000r\000\040\000\046\000\040\000D\000e\000s\000t\000r\000u\000c\000t\000o\000r\000\040\000D\000o\000c\000u\000m\000e\000n\000t\000a\000t\000i\000o\000n}{section.4.9}
\BOOKMARK [3][-]{subsubsection.4.9.1.1}{\376\377\000G\000o\000a\000l\000i\000e\000B\000r\000a\000i\000n}{subsection.4.9.1}
\BOOKMARK [3][-]{subsubsection.4.9.1.2}{\376\377\000G\000o\000a\000l\000i\000e\000B\000r\000a\000i\000n}{subsection.4.9.1}
\BOOKMARK [2][-]{subsection.4.9.2}{\376\377\000M\000e\000m\000b\000e\000r\000\040\000F\000u\000n\000c\000t\000i\000o\000n\000\040\000D\000o\000c\000u\000m\000e\000n\000t\000a\000t\000i\000o\000n}{section.4.9}
\BOOKMARK [3][-]{subsubsection.4.9.2.1}{\376\377\000g\000e\000t\000A\000c\000t\000i\000o\000n\000s}{subsection.4.9.2}
\BOOKMARK [3][-]{subsubsection.4.9.2.2}{\376\377\000g\000e\000t\000C\000u\000r\000r\000e\000n\000t\000M\000o\000d\000e}{subsection.4.9.2}
\BOOKMARK [3][-]{subsubsection.4.9.2.3}{\376\377\000g\000e\000t\000M\000a\000r\000k\000e\000d\000\137\000t\000e\000a\000m}{subsection.4.9.2}
\BOOKMARK [3][-]{subsubsection.4.9.2.4}{\376\377\000g\000e\000t\000M\000a\000r\000k\000e\000d\000\137\000u\000n\000u\000m}{subsection.4.9.2}
\BOOKMARK [3][-]{subsubsection.4.9.2.5}{\376\377\000r\000u\000n}{subsection.4.9.2}
\BOOKMARK [3][-]{subsubsection.4.9.2.6}{\376\377\000s\000e\000t\000A\000c\000t\000i\000o\000n\000s}{subsection.4.9.2}
\BOOKMARK [3][-]{subsubsection.4.9.2.7}{\376\377\000s\000e\000t\000D\000e\000f\000e\000n\000s\000i\000v\000e}{subsection.4.9.2}
\BOOKMARK [3][-]{subsubsection.4.9.2.8}{\376\377\000s\000e\000t\000M\000a\000r\000k\000e\000d\000\137\000t\000e\000a\000m}{subsection.4.9.2}
\BOOKMARK [3][-]{subsubsection.4.9.2.9}{\376\377\000s\000e\000t\000M\000a\000r\000k\000e\000d\000\137\000u\000n\000u\000m}{subsection.4.9.2}
\BOOKMARK [3][-]{subsubsection.4.9.2.10}{\376\377\000s\000e\000t\000O\000f\000f\000e\000n\000s\000i\000v\000e}{subsection.4.9.2}
\BOOKMARK [1][-]{section.4.10}{\376\377\000M\000a\000t\000h\000H\000e\000l\000p\000\040\000C\000l\000a\000s\000s\000\040\000R\000e\000f\000e\000r\000e\000n\000c\000e}{chapter.4}
\BOOKMARK [2][-]{subsection.4.10.1}{\376\377\000M\000e\000m\000b\000e\000r\000\040\000F\000u\000n\000c\000t\000i\000o\000n\000\040\000D\000o\000c\000u\000m\000e\000n\000t\000a\000t\000i\000o\000n}{section.4.10}
\BOOKMARK [3][-]{subsubsection.4.10.1.1}{\376\377\000e\000d\000p}{subsection.4.10.1}
\BOOKMARK [3][-]{subsubsection.4.10.1.2}{\376\377\000g\000e\000t\000D\000a\000s\000h\000P\000o\000w\000e\000r}{subsection.4.10.1}
\BOOKMARK [3][-]{subsubsection.4.10.1.3}{\376\377\000g\000e\000t\000K\000i\000c\000k\000P\000o\000w\000e\000r}{subsection.4.10.1}
\BOOKMARK [3][-]{subsubsection.4.10.1.4}{\376\377\000g\000e\000t\000K\000i\000c\000k\000P\000o\000w\000e\000r}{subsection.4.10.1}
\BOOKMARK [3][-]{subsubsection.4.10.1.5}{\376\377\000g\000e\000t\000N\000e\000x\000t\000B\000a\000l\000l\000P\000o\000i\000n\000t}{subsection.4.10.1}
\BOOKMARK [3][-]{subsubsection.4.10.1.6}{\376\377\000g\000e\000t\000N\000e\000x\000t\000P\000l\000a\000y\000e\000r\000P\000o\000i\000n\000t}{subsection.4.10.1}
\BOOKMARK [3][-]{subsubsection.4.10.1.7}{\376\377\000g\000e\000t\000P\000o\000l\000a\000r}{subsection.4.10.1}
\BOOKMARK [3][-]{subsubsection.4.10.1.8}{\376\377\000g\000e\000t\000P\000o\000l\000a\000r}{subsection.4.10.1}
\BOOKMARK [3][-]{subsubsection.4.10.1.9}{\376\377\000g\000e\000t\000P\000o\000s}{subsection.4.10.1}
\BOOKMARK [3][-]{subsubsection.4.10.1.10}{\376\377\000g\000e\000t\000P\000o\000s}{subsection.4.10.1}
\BOOKMARK [3][-]{subsubsection.4.10.1.11}{\376\377\000m\000a\000g}{subsection.4.10.1}
\BOOKMARK [3][-]{subsubsection.4.10.1.12}{\376\377\000n\000o\000r\000m}{subsection.4.10.1}
\BOOKMARK [3][-]{subsubsection.4.10.1.13}{\376\377\000n\000o\000r\000m}{subsection.4.10.1}
\BOOKMARK [3][-]{subsubsection.4.10.1.14}{\376\377\000v\000A\000d\000d}{subsection.4.10.1}
\BOOKMARK [3][-]{subsubsection.4.10.1.15}{\376\377\000v\000D\000i\000v}{subsection.4.10.1}
\BOOKMARK [3][-]{subsubsection.4.10.1.16}{\376\377\000v\000M\000u\000l}{subsection.4.10.1}
\BOOKMARK [3][-]{subsubsection.4.10.1.17}{\376\377\000v\000S\000u\000b}{subsection.4.10.1}
\BOOKMARK [1][-]{section.4.11}{\376\377\000M\000e\000m\000o\000r\000y\000\040\000C\000l\000a\000s\000s\000\040\000R\000e\000f\000e\000r\000e\000n\000c\000e}{chapter.4}
\BOOKMARK [2][-]{subsection.4.11.1}{\376\377\000C\000o\000n\000s\000t\000r\000u\000c\000t\000o\000r\000\040\000\046\000\040\000D\000e\000s\000t\000r\000u\000c\000t\000o\000r\000\040\000D\000o\000c\000u\000m\000e\000n\000t\000a\000t\000i\000o\000n}{section.4.11}
\BOOKMARK [3][-]{subsubsection.4.11.1.1}{\376\377\000M\000e\000m\000o\000r\000y}{subsection.4.11.1}
\BOOKMARK [2][-]{subsection.4.11.2}{\376\377\000M\000e\000m\000b\000e\000r\000\040\000F\000u\000n\000c\000t\000i\000o\000n\000\040\000D\000o\000c\000u\000m\000e\000n\000t\000a\000t\000i\000o\000n}{section.4.11}
\BOOKMARK [3][-]{subsubsection.4.11.2.1}{\376\377\000g\000e\000t\000A\000m\000o\000u\000n\000t\000O\000f\000S\000p\000e\000e\000d}{subsection.4.11.2}
\BOOKMARK [3][-]{subsubsection.4.11.2.2}{\376\377\000g\000e\000t\000B\000a\000l\000l}{subsection.4.11.2}
\BOOKMARK [3][-]{subsubsection.4.11.2.3}{\376\377\000g\000e\000t\000C\000l\000o\000s\000e\000s\000t\000B\000o\000u\000n\000d\000a\000r\000y}{subsection.4.11.2}
\BOOKMARK [3][-]{subsubsection.4.11.2.4}{\376\377\000g\000e\000t\000C\000l\000o\000s\000e\000s\000t\000F\000l\000a\000g}{subsection.4.11.2}
\BOOKMARK [3][-]{subsubsection.4.11.2.5}{\376\377\000g\000e\000t\000C\000l\000o\000s\000e\000s\000t\000L\000i\000n\000e}{subsection.4.11.2}
\BOOKMARK [3][-]{subsubsection.4.11.2.6}{\376\377\000g\000e\000t\000C\000l\000o\000s\000e\000s\000t\000P\000e\000n\000a\000l\000t\000y\000F\000l\000a\000g}{subsection.4.11.2}
\BOOKMARK [3][-]{subsubsection.4.11.2.7}{\376\377\000g\000e\000t\000D\000i\000r\000e\000c\000t\000i\000o\000n}{subsection.4.11.2}
\BOOKMARK [3][-]{subsubsection.4.11.2.8}{\376\377\000g\000e\000t\000D\000i\000r\000e\000c\000t\000i\000o\000n\000O\000f\000S\000p\000e\000e\000d}{subsection.4.11.2}
\BOOKMARK [3][-]{subsubsection.4.11.2.9}{\376\377\000g\000e\000t\000E\000f\000f\000o\000r\000t}{subsection.4.11.2}
\BOOKMARK [3][-]{subsubsection.4.11.2.10}{\376\377\000g\000e\000t\000F\000l\000a\000g}{subsection.4.11.2}
\BOOKMARK [3][-]{subsubsection.4.11.2.11}{\376\377\000g\000e\000t\000F\000l\000a\000g\000P\000o\000s}{subsection.4.11.2}
\BOOKMARK [3][-]{subsubsection.4.11.2.12}{\376\377\000g\000e\000t\000H\000e\000a\000d\000D\000i\000r\000e\000c\000t\000i\000o\000n}{subsection.4.11.2}
\BOOKMARK [3][-]{subsubsection.4.11.2.13}{\376\377\000g\000e\000t\000L\000i\000n\000e}{subsection.4.11.2}
\BOOKMARK [3][-]{subsubsection.4.11.2.14}{\376\377\000g\000e\000t\000N\000u\000l\000l\000G\000o\000a\000l\000A\000n\000g\000l\000e}{subsection.4.11.2}
\BOOKMARK [3][-]{subsubsection.4.11.2.15}{\376\377\000g\000e\000t\000O\000b\000j}{subsection.4.11.2}
\BOOKMARK [3][-]{subsubsection.4.11.2.16}{\376\377\000g\000e\000t\000O\000b\000j\000M\000e\000m\000o\000r\000y\000S\000i\000z\000e}{subsection.4.11.2}
\BOOKMARK [3][-]{subsubsection.4.11.2.17}{\376\377\000g\000e\000t\000O\000p\000p\000G\000o\000a\000l}{subsection.4.11.2}
\BOOKMARK [3][-]{subsubsection.4.11.2.18}{\376\377\000g\000e\000t\000O\000p\000p\000G\000o\000a\000l\000P\000o\000s}{subsection.4.11.2}
\BOOKMARK [3][-]{subsubsection.4.11.2.19}{\376\377\000g\000e\000t\000O\000w\000n\000G\000o\000a\000l}{subsection.4.11.2}
\BOOKMARK [3][-]{subsubsection.4.11.2.20}{\376\377\000g\000e\000t\000O\000w\000n\000G\000o\000a\000l\000P\000o\000s}{subsection.4.11.2}
\BOOKMARK [3][-]{subsubsection.4.11.2.21}{\376\377\000g\000e\000t\000P\000l\000a\000y\000e\000r}{subsection.4.11.2}
\BOOKMARK [3][-]{subsubsection.4.11.2.22}{\376\377\000g\000e\000t\000P\000l\000a\000y\000e\000r\000s}{subsection.4.11.2}
\BOOKMARK [3][-]{subsubsection.4.11.2.23}{\376\377\000g\000e\000t\000P\000l\000a\000y\000M\000o\000d\000e}{subsection.4.11.2}
\BOOKMARK [3][-]{subsubsection.4.11.2.24}{\376\377\000g\000e\000t\000P\000o\000s\000i\000t\000i\000o\000n}{subsection.4.11.2}
\BOOKMARK [3][-]{subsubsection.4.11.2.25}{\376\377\000g\000e\000t\000R\000e\000c\000o\000v\000e\000r\000y}{subsection.4.11.2}
\BOOKMARK [3][-]{subsubsection.4.11.2.26}{\376\377\000g\000e\000t\000S\000t\000a\000m\000i\000n\000a}{subsection.4.11.2}
\BOOKMARK [3][-]{subsubsection.4.11.2.27}{\376\377\000i\000s\000O\000b\000j\000V\000i\000s\000i\000b\000l\000e}{subsection.4.11.2}
\BOOKMARK [3][-]{subsubsection.4.11.2.28}{\376\377\000s\000e\000t\000F\000i\000e\000l\000d}{subsection.4.11.2}
\BOOKMARK [3][-]{subsubsection.4.11.2.29}{\376\377\000s\000e\000t\000L\000o\000c\000a\000t\000i\000o\000n}{subsection.4.11.2}
\BOOKMARK [3][-]{subsubsection.4.11.2.30}{\376\377\000t\000i\000m\000e\000C\000h\000e\000c\000k}{subsection.4.11.2}
\BOOKMARK [2][-]{subsection.4.11.3}{\376\377\000M\000e\000m\000b\000e\000r\000\040\000D\000a\000t\000a\000\040\000D\000o\000c\000u\000m\000e\000n\000t\000a\000t\000i\000o\000n}{section.4.11}
\BOOKMARK [3][-]{subsubsection.4.11.3.1}{\376\377\000O\000b\000j\000M\000e\000m}{subsection.4.11.3}
\BOOKMARK [3][-]{subsubsection.4.11.3.2}{\376\377\000o\000p\000p\000G\000o\000a\000l}{subsection.4.11.3}
\BOOKMARK [3][-]{subsubsection.4.11.3.3}{\376\377\000o\000p\000p\000S\000i\000d\000e}{subsection.4.11.3}
\BOOKMARK [3][-]{subsubsection.4.11.3.4}{\376\377\000p\000l\000a\000y\000M\000o\000d\000e}{subsection.4.11.3}
\BOOKMARK [3][-]{subsubsection.4.11.3.5}{\376\377\000S\000e\000n\000M\000e\000m}{subsection.4.11.3}
\BOOKMARK [3][-]{subsubsection.4.11.3.6}{\376\377\000s\000i\000d\000e}{subsection.4.11.3}
\BOOKMARK [3][-]{subsubsection.4.11.3.7}{\376\377\000u\000N\000u\000m}{subsection.4.11.3}
\BOOKMARK [1][-]{section.4.12}{\376\377\000M\000o\000d\000e\000\040\000C\000l\000a\000s\000s\000\040\000R\000e\000f\000e\000r\000e\000n\000c\000e}{chapter.4}
\BOOKMARK [2][-]{subsection.4.12.1}{\376\377\000D\000e\000t\000a\000i\000l\000e\000d\000\040\000D\000e\000s\000c\000r\000i\000p\000t\000i\000o\000n}{section.4.12}
\BOOKMARK [2][-]{subsection.4.12.2}{\376\377\000C\000o\000n\000s\000t\000r\000u\000c\000t\000o\000r\000\040\000\046\000\040\000D\000e\000s\000t\000r\000u\000c\000t\000o\000r\000\040\000D\000o\000c\000u\000m\000e\000n\000t\000a\000t\000i\000o\000n}{section.4.12}
\BOOKMARK [3][-]{subsubsection.4.12.2.1}{\376\377\000M\000o\000d\000e}{subsection.4.12.2}
\BOOKMARK [2][-]{subsection.4.12.3}{\376\377\000M\000e\000m\000b\000e\000r\000\040\000F\000u\000n\000c\000t\000i\000o\000n\000\040\000D\000o\000c\000u\000m\000e\000n\000t\000a\000t\000i\000o\000n}{section.4.12}
\BOOKMARK [3][-]{subsubsection.4.12.3.1}{\376\377\000g\000e\000t\000M\000o\000d\000e\000n\000a\000m\000e}{subsection.4.12.3}
\BOOKMARK [3][-]{subsubsection.4.12.3.2}{\376\377\000g\000e\000t\000T\000i\000m\000e\000i\000n\000m\000o\000d\000e}{subsection.4.12.3}
\BOOKMARK [3][-]{subsubsection.4.12.3.3}{\376\377\000s\000e\000t\000M\000o\000d\000e\000n\000a\000m\000e}{subsection.4.12.3}
\BOOKMARK [3][-]{subsubsection.4.12.3.4}{\376\377\000s\000e\000t\000T\000i\000m\000e\000i\000n\000m\000o\000d\000e}{subsection.4.12.3}
\BOOKMARK [1][-]{section.4.13}{\376\377\000O\000b\000j\000B\000a\000l\000l\000\040\000C\000l\000a\000s\000s\000\040\000R\000e\000f\000e\000r\000e\000n\000c\000e}{chapter.4}
\BOOKMARK [2][-]{subsection.4.13.1}{\376\377\000D\000e\000t\000a\000i\000l\000e\000d\000\040\000D\000e\000s\000c\000r\000i\000p\000t\000i\000o\000n}{section.4.13}
\BOOKMARK [1][-]{section.4.14}{\376\377\000O\000b\000j\000F\000l\000a\000g\000\040\000C\000l\000a\000s\000s\000\040\000R\000e\000f\000e\000r\000e\000n\000c\000e}{chapter.4}
\BOOKMARK [2][-]{subsection.4.14.1}{\376\377\000C\000o\000n\000s\000t\000r\000u\000c\000t\000o\000r\000\040\000\046\000\040\000D\000e\000s\000t\000r\000u\000c\000t\000o\000r\000\040\000D\000o\000c\000u\000m\000e\000n\000t\000a\000t\000i\000o\000n}{section.4.14}
\BOOKMARK [3][-]{subsubsection.4.14.1.1}{\376\377\000O\000b\000j\000F\000l\000a\000g}{subsection.4.14.1}
\BOOKMARK [2][-]{subsection.4.14.2}{\376\377\000M\000e\000m\000b\000e\000r\000\040\000F\000u\000n\000c\000t\000i\000o\000n\000\040\000D\000o\000c\000u\000m\000e\000n\000t\000a\000t\000i\000o\000n}{section.4.14}
\BOOKMARK [3][-]{subsubsection.4.14.2.1}{\376\377\000g\000e\000t\000F\000l\000a\000g\000N\000a\000m\000e}{subsection.4.14.2}
\BOOKMARK [3][-]{subsubsection.4.14.2.2}{\376\377\000g\000e\000t\000F\000l\000a\000g\000T\000y\000p\000e}{subsection.4.14.2}
\BOOKMARK [3][-]{subsubsection.4.14.2.3}{\376\377\000g\000e\000t\000X\000\137\000p\000o\000s}{subsection.4.14.2}
\BOOKMARK [3][-]{subsubsection.4.14.2.4}{\376\377\000g\000e\000t\000Y\000\137\000p\000o\000s}{subsection.4.14.2}
\BOOKMARK [3][-]{subsubsection.4.14.2.5}{\376\377\000g\000e\000t\000Y\000a\000r\000d}{subsection.4.14.2}
\BOOKMARK [3][-]{subsubsection.4.14.2.6}{\376\377\000s\000e\000t\000F\000l\000a\000g\000N\000a\000m\000e}{subsection.4.14.2}
\BOOKMARK [3][-]{subsubsection.4.14.2.7}{\376\377\000s\000e\000t\000F\000l\000a\000g\000T\000y\000p\000e}{subsection.4.14.2}
\BOOKMARK [3][-]{subsubsection.4.14.2.8}{\376\377\000s\000e\000t\000X\000\137\000p\000o\000s}{subsection.4.14.2}
\BOOKMARK [3][-]{subsubsection.4.14.2.9}{\376\377\000s\000e\000t\000Y\000\137\000p\000o\000s}{subsection.4.14.2}
\BOOKMARK [3][-]{subsubsection.4.14.2.10}{\376\377\000s\000e\000t\000Y\000a\000r\000d}{subsection.4.14.2}
\BOOKMARK [1][-]{section.4.15}{\376\377\000O\000b\000j\000G\000o\000a\000l\000\040\000C\000l\000a\000s\000s\000\040\000R\000e\000f\000e\000r\000e\000n\000c\000e}{chapter.4}
\BOOKMARK [2][-]{subsection.4.15.1}{\376\377\000D\000e\000t\000a\000i\000l\000e\000d\000\040\000D\000e\000s\000c\000r\000i\000p\000t\000i\000o\000n}{section.4.15}
\BOOKMARK [1][-]{section.4.16}{\376\377\000O\000b\000j\000I\000n\000f\000o\000\040\000C\000l\000a\000s\000s\000\040\000R\000e\000f\000e\000r\000e\000n\000c\000e}{chapter.4}
\BOOKMARK [2][-]{subsection.4.16.1}{\376\377\000D\000e\000t\000a\000i\000l\000e\000d\000\040\000D\000e\000s\000c\000r\000i\000p\000t\000i\000o\000n}{section.4.16}
\BOOKMARK [2][-]{subsection.4.16.2}{\376\377\000C\000o\000n\000s\000t\000r\000u\000c\000t\000o\000r\000\040\000\046\000\040\000D\000e\000s\000t\000r\000u\000c\000t\000o\000r\000\040\000D\000o\000c\000u\000m\000e\000n\000t\000a\000t\000i\000o\000n}{section.4.16}
\BOOKMARK [3][-]{subsubsection.4.16.2.1}{\376\377\000O\000b\000j\000I\000n\000f\000o}{subsection.4.16.2}
\BOOKMARK [3][-]{subsubsection.4.16.2.2}{\376\377\000O\000b\000j\000I\000n\000f\000o}{subsection.4.16.2}
\BOOKMARK [2][-]{subsection.4.16.3}{\376\377\000M\000e\000m\000b\000e\000r\000\040\000F\000u\000n\000c\000t\000i\000o\000n\000\040\000D\000o\000c\000u\000m\000e\000n\000t\000a\000t\000i\000o\000n}{section.4.16}
\BOOKMARK [3][-]{subsubsection.4.16.3.1}{\376\377\000g\000e\000t\000D\000i\000r\000C\000h\000n\000g}{subsection.4.16.3}
\BOOKMARK [3][-]{subsubsection.4.16.3.2}{\376\377\000g\000e\000t\000D\000i\000r\000e\000c\000t\000i\000o\000n}{subsection.4.16.3}
\BOOKMARK [3][-]{subsubsection.4.16.3.3}{\376\377\000g\000e\000t\000D\000i\000s\000t\000a\000n\000c\000e}{subsection.4.16.3}
\BOOKMARK [3][-]{subsubsection.4.16.3.4}{\376\377\000g\000e\000t\000D\000i\000s\000t\000C\000h\000n\000g}{subsection.4.16.3}
\BOOKMARK [3][-]{subsubsection.4.16.3.5}{\376\377\000g\000e\000t\000O\000b\000j\000N\000a\000m\000e}{subsection.4.16.3}
\BOOKMARK [3][-]{subsubsection.4.16.3.6}{\376\377\000g\000e\000t\000S\000i\000d\000e}{subsection.4.16.3}
\BOOKMARK [3][-]{subsubsection.4.16.3.7}{\376\377\000s\000e\000t\000D\000i\000r\000C\000h\000n\000g}{subsection.4.16.3}
\BOOKMARK [3][-]{subsubsection.4.16.3.8}{\376\377\000s\000e\000t\000D\000i\000r\000e\000c\000t\000i\000o\000n}{subsection.4.16.3}
\BOOKMARK [3][-]{subsubsection.4.16.3.9}{\376\377\000s\000e\000t\000D\000i\000s\000t\000a\000n\000c\000e}{subsection.4.16.3}
\BOOKMARK [3][-]{subsubsection.4.16.3.10}{\376\377\000s\000e\000t\000D\000i\000s\000t\000C\000h\000n\000g}{subsection.4.16.3}
\BOOKMARK [3][-]{subsubsection.4.16.3.11}{\376\377\000s\000e\000t\000O\000b\000j\000N\000a\000m\000e}{subsection.4.16.3}
\BOOKMARK [3][-]{subsubsection.4.16.3.12}{\376\377\000s\000e\000t\000S\000i\000d\000e}{subsection.4.16.3}
\BOOKMARK [1][-]{section.4.17}{\376\377\000O\000b\000j\000L\000i\000n\000e\000\040\000C\000l\000a\000s\000s\000\040\000R\000e\000f\000e\000r\000e\000n\000c\000e}{chapter.4}
\BOOKMARK [2][-]{subsection.4.17.1}{\376\377\000D\000e\000t\000a\000i\000l\000e\000d\000\040\000D\000e\000s\000c\000r\000i\000p\000t\000i\000o\000n}{section.4.17}
\BOOKMARK [1][-]{section.4.18}{\376\377\000O\000b\000j\000M\000e\000m\000o\000r\000y\000\040\000C\000l\000a\000s\000s\000\040\000R\000e\000f\000e\000r\000e\000n\000c\000e}{chapter.4}
\BOOKMARK [2][-]{subsection.4.18.1}{\376\377\000D\000e\000t\000a\000i\000l\000e\000d\000\040\000D\000e\000s\000c\000r\000i\000p\000t\000i\000o\000n}{section.4.18}
\BOOKMARK [2][-]{subsection.4.18.2}{\376\377\000C\000o\000n\000s\000t\000r\000u\000c\000t\000o\000r\000\040\000\046\000\040\000D\000e\000s\000t\000r\000u\000c\000t\000o\000r\000\040\000D\000o\000c\000u\000m\000e\000n\000t\000a\000t\000i\000o\000n}{section.4.18}
\BOOKMARK [3][-]{subsubsection.4.18.2.1}{\376\377\000O\000b\000j\000M\000e\000m\000o\000r\000y}{subsection.4.18.2}
\BOOKMARK [3][-]{subsubsection.4.18.2.2}{\376\377\000O\000b\000j\000M\000e\000m\000o\000r\000y}{subsection.4.18.2}
\BOOKMARK [2][-]{subsection.4.18.3}{\376\377\000M\000e\000m\000b\000e\000r\000\040\000F\000u\000n\000c\000t\000i\000o\000n\000\040\000D\000o\000c\000u\000m\000e\000n\000t\000a\000t\000i\000o\000n}{section.4.18}
\BOOKMARK [3][-]{subsubsection.4.18.3.1}{\376\377\000a\000d\000d\000I\000n\000f\000o}{subsection.4.18.3}
\BOOKMARK [3][-]{subsubsection.4.18.3.2}{\376\377\000g\000e\000t\000O\000b\000j}{subsection.4.18.3}
\BOOKMARK [3][-]{subsubsection.4.18.3.3}{\376\377\000g\000e\000t\000O\000b\000j}{subsection.4.18.3}
\BOOKMARK [3][-]{subsubsection.4.18.3.4}{\376\377\000g\000e\000t\000S\000i\000z\000e}{subsection.4.18.3}
\BOOKMARK [3][-]{subsubsection.4.18.3.5}{\376\377\000g\000e\000t\000T\000i\000m\000e}{subsection.4.18.3}
\BOOKMARK [3][-]{subsubsection.4.18.3.6}{\376\377\000s\000e\000t\000T\000i\000m\000e}{subsection.4.18.3}
\BOOKMARK [1][-]{section.4.19}{\376\377\000O\000b\000j\000P\000l\000a\000y\000e\000r\000\040\000C\000l\000a\000s\000s\000\040\000R\000e\000f\000e\000r\000e\000n\000c\000e}{chapter.4}
\BOOKMARK [2][-]{subsection.4.19.1}{\376\377\000D\000e\000t\000a\000i\000l\000e\000d\000\040\000D\000e\000s\000c\000r\000i\000p\000t\000i\000o\000n}{section.4.19}
\BOOKMARK [2][-]{subsection.4.19.2}{\376\377\000M\000e\000m\000b\000e\000r\000\040\000F\000u\000n\000c\000t\000i\000o\000n\000\040\000D\000o\000c\000u\000m\000e\000n\000t\000a\000t\000i\000o\000n}{section.4.19}
\BOOKMARK [3][-]{subsubsection.4.19.2.1}{\376\377\000g\000e\000t\000B\000o\000d\000y\000D\000i\000r}{subsection.4.19.2}
\BOOKMARK [3][-]{subsubsection.4.19.2.2}{\376\377\000g\000e\000t\000H\000e\000a\000d\000D\000i\000r}{subsection.4.19.2}
\BOOKMARK [3][-]{subsubsection.4.19.2.3}{\376\377\000g\000e\000t\000T\000e\000a\000m}{subsection.4.19.2}
\BOOKMARK [3][-]{subsubsection.4.19.2.4}{\376\377\000g\000e\000t\000u\000N\000u\000m}{subsection.4.19.2}
\BOOKMARK [3][-]{subsubsection.4.19.2.5}{\376\377\000i\000s\000G\000o\000a\000l\000i\000e}{subsection.4.19.2}
\BOOKMARK [3][-]{subsubsection.4.19.2.6}{\376\377\000s\000e\000t\000B\000o\000d\000y\000D\000i\000r}{subsection.4.19.2}
\BOOKMARK [3][-]{subsubsection.4.19.2.7}{\376\377\000s\000e\000t\000G\000o\000a\000l\000i\000e}{subsection.4.19.2}
\BOOKMARK [3][-]{subsubsection.4.19.2.8}{\376\377\000s\000e\000t\000H\000e\000a\000d\000D\000i\000r}{subsection.4.19.2}
\BOOKMARK [3][-]{subsubsection.4.19.2.9}{\376\377\000s\000e\000t\000T\000e\000a\000m}{subsection.4.19.2}
\BOOKMARK [3][-]{subsubsection.4.19.2.10}{\376\377\000s\000e\000t\000u\000N\000u\000m}{subsection.4.19.2}
\BOOKMARK [1][-]{section.4.20}{\376\377\000P\000a\000r\000s\000e\000r\000\040\000C\000l\000a\000s\000s\000\040\000R\000e\000f\000e\000r\000e\000n\000c\000e}{chapter.4}
\BOOKMARK [2][-]{subsection.4.20.1}{\376\377\000D\000e\000t\000a\000i\000l\000e\000d\000\040\000D\000e\000s\000c\000r\000i\000p\000t\000i\000o\000n}{section.4.20}
\BOOKMARK [2][-]{subsection.4.20.2}{\376\377\000C\000o\000n\000s\000t\000r\000u\000c\000t\000o\000r\000\040\000\046\000\040\000D\000e\000s\000t\000r\000u\000c\000t\000o\000r\000\040\000D\000o\000c\000u\000m\000e\000n\000t\000a\000t\000i\000o\000n}{section.4.20}
\BOOKMARK [3][-]{subsubsection.4.20.2.1}{\376\377\000P\000a\000r\000s\000e\000r}{subsection.4.20.2}
\BOOKMARK [2][-]{subsection.4.20.3}{\376\377\000M\000e\000m\000b\000e\000r\000\040\000F\000u\000n\000c\000t\000i\000o\000n\000\040\000D\000o\000c\000u\000m\000e\000n\000t\000a\000t\000i\000o\000n}{section.4.20}
\BOOKMARK [3][-]{subsubsection.4.20.3.1}{\376\377\000i\000n\000i\000t\000P\000a\000r\000s\000e}{subsection.4.20.3}
\BOOKMARK [3][-]{subsubsection.4.20.3.2}{\376\377\000P\000a\000r\000s\000e}{subsection.4.20.3}
\BOOKMARK [2][-]{subsection.4.20.4}{\376\377\000M\000e\000m\000b\000e\000r\000\040\000D\000a\000t\000a\000\040\000D\000o\000c\000u\000m\000e\000n\000t\000a\000t\000i\000o\000n}{section.4.20}
\BOOKMARK [3][-]{subsubsection.4.20.4.1}{\376\377\000i\000n\000p\000u\000t}{subsection.4.20.4}
\BOOKMARK [1][-]{section.4.21}{\376\377\000P\000l\000a\000y\000e\000r\000\040\000C\000l\000a\000s\000s\000\040\000R\000e\000f\000e\000r\000e\000n\000c\000e}{chapter.4}
\BOOKMARK [2][-]{subsection.4.21.1}{\376\377\000D\000e\000t\000a\000i\000l\000e\000d\000\040\000D\000e\000s\000c\000r\000i\000p\000t\000i\000o\000n}{section.4.21}
\BOOKMARK [2][-]{subsection.4.21.2}{\376\377\000C\000o\000n\000s\000t\000r\000u\000c\000t\000o\000r\000\040\000\046\000\040\000D\000e\000s\000t\000r\000u\000c\000t\000o\000r\000\040\000D\000o\000c\000u\000m\000e\000n\000t\000a\000t\000i\000o\000n}{section.4.21}
\BOOKMARK [3][-]{subsubsection.4.21.2.1}{\376\377\000P\000l\000a\000y\000e\000r}{subsection.4.21.2}
\BOOKMARK [2][-]{subsection.4.21.3}{\376\377\000M\000e\000m\000b\000e\000r\000\040\000F\000u\000n\000c\000t\000i\000o\000n\000\040\000D\000o\000c\000u\000m\000e\000n\000t\000a\000t\000i\000o\000n}{section.4.21}
\BOOKMARK [3][-]{subsubsection.4.21.3.1}{\376\377\000c\000l\000o\000s\000e\000s\000t\000O\000p\000p\000o\000n\000e\000n\000t}{subsection.4.21.3}
\BOOKMARK [3][-]{subsubsection.4.21.3.2}{\376\377\000d\000a\000s\000h}{subsection.4.21.3}
\BOOKMARK [3][-]{subsubsection.4.21.3.3}{\376\377\000d\000a\000s\000h}{subsection.4.21.3}
\BOOKMARK [3][-]{subsubsection.4.21.3.4}{\376\377\000g\000e\000t\000D\000i\000r\000e\000c\000t\000i\000o\000n}{subsection.4.21.3}
\BOOKMARK [3][-]{subsubsection.4.21.3.5}{\376\377\000g\000e\000t\000M\000e\000m}{subsection.4.21.3}
\BOOKMARK [3][-]{subsubsection.4.21.3.6}{\376\377\000g\000e\000t\000O\000b\000j\000I\000n\000f\000o}{subsection.4.21.3}
\BOOKMARK [3][-]{subsubsection.4.21.3.7}{\376\377\000g\000e\000t\000P\000a\000r\000s\000e\000r}{subsection.4.21.3}
\BOOKMARK [3][-]{subsubsection.4.21.3.8}{\376\377\000g\000e\000t\000P\000o\000s\000i\000t\000i\000o\000n}{subsection.4.21.3}
\BOOKMARK [3][-]{subsubsection.4.21.3.9}{\376\377\000g\000e\000t\000R\000o\000b\000o\000C\000l\000i\000e\000n\000t}{subsection.4.21.3}
\BOOKMARK [3][-]{subsubsection.4.21.3.10}{\376\377\000g\000e\000t\000T\000i\000m\000e}{subsection.4.21.3}
\BOOKMARK [3][-]{subsubsection.4.21.3.11}{\376\377\000i\000n\000i\000t\000P\000l\000a\000y\000e\000r}{subsection.4.21.3}
\BOOKMARK [3][-]{subsubsection.4.21.3.12}{\376\377\000i\000n\000i\000t\000P\000l\000a\000y\000e\000r}{subsection.4.21.3}
\BOOKMARK [3][-]{subsubsection.4.21.3.13}{\376\377\000k\000i\000c\000k}{subsection.4.21.3}
\BOOKMARK [3][-]{subsubsection.4.21.3.14}{\376\377\000m\000o\000v\000e}{subsection.4.21.3}
\BOOKMARK [3][-]{subsubsection.4.21.3.15}{\376\377\000r\000e\000c\000e\000i\000v\000e\000I\000n\000p\000u\000t}{subsection.4.21.3}
\BOOKMARK [3][-]{subsubsection.4.21.3.16}{\376\377\000s\000a\000y}{subsection.4.21.3}
\BOOKMARK [3][-]{subsubsection.4.21.3.17}{\376\377\000s\000e\000t\000M\000e\000m}{subsection.4.21.3}
\BOOKMARK [3][-]{subsubsection.4.21.3.18}{\376\377\000s\000e\000t\000O\000b\000j\000I\000n\000f\000o}{subsection.4.21.3}
\BOOKMARK [3][-]{subsubsection.4.21.3.19}{\376\377\000s\000e\000t\000P\000a\000r\000s\000e\000r}{subsection.4.21.3}
\BOOKMARK [3][-]{subsubsection.4.21.3.20}{\376\377\000s\000e\000t\000R\000o\000b\000o\000c\000l\000i\000e\000n\000t}{subsection.4.21.3}
\BOOKMARK [3][-]{subsubsection.4.21.3.21}{\376\377\000s\000e\000t\000T\000i\000m\000e}{subsection.4.21.3}
\BOOKMARK [3][-]{subsubsection.4.21.3.22}{\376\377\000t\000u\000r\000n}{subsection.4.21.3}
\BOOKMARK [1][-]{section.4.22}{\376\377\000P\000o\000l\000a\000r\000\040\000C\000l\000a\000s\000s\000\040\000R\000e\000f\000e\000r\000e\000n\000c\000e}{chapter.4}
\BOOKMARK [2][-]{subsection.4.22.1}{\376\377\000D\000e\000t\000a\000i\000l\000e\000d\000\040\000D\000e\000s\000c\000r\000i\000p\000t\000i\000o\000n}{section.4.22}
\BOOKMARK [2][-]{subsection.4.22.2}{\376\377\000C\000o\000n\000s\000t\000r\000u\000c\000t\000o\000r\000\040\000\046\000\040\000D\000e\000s\000t\000r\000u\000c\000t\000o\000r\000\040\000D\000o\000c\000u\000m\000e\000n\000t\000a\000t\000i\000o\000n}{section.4.22}
\BOOKMARK [3][-]{subsubsection.4.22.2.1}{\376\377\000P\000o\000l\000a\000r}{subsection.4.22.2}
\BOOKMARK [3][-]{subsubsection.4.22.2.2}{\376\377\000P\000o\000l\000a\000r}{subsection.4.22.2}
\BOOKMARK [1][-]{section.4.23}{\376\377\000P\000o\000s\000\040\000C\000l\000a\000s\000s\000\040\000R\000e\000f\000e\000r\000e\000n\000c\000e}{chapter.4}
\BOOKMARK [2][-]{subsection.4.23.1}{\376\377\000D\000e\000t\000a\000i\000l\000e\000d\000\040\000D\000e\000s\000c\000r\000i\000p\000t\000i\000o\000n}{section.4.23}
\BOOKMARK [2][-]{subsection.4.23.2}{\376\377\000C\000o\000n\000s\000t\000r\000u\000c\000t\000o\000r\000\040\000\046\000\040\000D\000e\000s\000t\000r\000u\000c\000t\000o\000r\000\040\000D\000o\000c\000u\000m\000e\000n\000t\000a\000t\000i\000o\000n}{section.4.23}
\BOOKMARK [3][-]{subsubsection.4.23.2.1}{\376\377\000P\000o\000s}{subsection.4.23.2}
\BOOKMARK [3][-]{subsubsection.4.23.2.2}{\376\377\000P\000o\000s}{subsection.4.23.2}
\BOOKMARK [3][-]{subsubsection.4.23.2.3}{\376\377\000P\000o\000s}{subsection.4.23.2}
\BOOKMARK [1][-]{section.4.24}{\376\377\000R\000o\000b\000o\000C\000l\000i\000e\000n\000t\000\040\000C\000l\000a\000s\000s\000\040\000R\000e\000f\000e\000r\000e\000n\000c\000e}{chapter.4}
\BOOKMARK [2][-]{subsection.4.24.1}{\376\377\000D\000e\000t\000a\000i\000l\000e\000d\000\040\000D\000e\000s\000c\000r\000i\000p\000t\000i\000o\000n}{section.4.24}
\BOOKMARK [2][-]{subsection.4.24.2}{\376\377\000C\000o\000n\000s\000t\000r\000u\000c\000t\000o\000r\000\040\000\046\000\040\000D\000e\000s\000t\000r\000u\000c\000t\000o\000r\000\040\000D\000o\000c\000u\000m\000e\000n\000t\000a\000t\000i\000o\000n}{section.4.24}
\BOOKMARK [3][-]{subsubsection.4.24.2.1}{\376\377\000R\000o\000b\000o\000C\000l\000i\000e\000n\000t}{subsection.4.24.2}
\BOOKMARK [3][-]{subsubsection.4.24.2.2}{\376\377\000R\000o\000b\000o\000C\000l\000i\000e\000n\000t}{subsection.4.24.2}
\BOOKMARK [2][-]{subsection.4.24.3}{\376\377\000M\000e\000m\000b\000e\000r\000\040\000F\000u\000n\000c\000t\000i\000o\000n\000\040\000D\000o\000c\000u\000m\000e\000n\000t\000a\000t\000i\000o\000n}{section.4.24}
\BOOKMARK [3][-]{subsubsection.4.24.3.1}{\376\377\000c\000a\000t\000c\000h\000b\000a\000l\000l}{subsection.4.24.3}
\BOOKMARK [3][-]{subsubsection.4.24.3.2}{\376\377\000d\000a\000s\000h}{subsection.4.24.3}
\BOOKMARK [3][-]{subsubsection.4.24.3.3}{\376\377\000d\000a\000s\000h}{subsection.4.24.3}
\BOOKMARK [3][-]{subsubsection.4.24.3.4}{\376\377\000g\000e\000t\000T\000e\000a\000m}{subsection.4.24.3}
\BOOKMARK [3][-]{subsubsection.4.24.3.5}{\376\377\000i\000n\000i\000t}{subsection.4.24.3}
\BOOKMARK [3][-]{subsubsection.4.24.3.6}{\376\377\000i\000n\000i\000t\000G\000o\000a\000l\000i\000e}{subsection.4.24.3}
\BOOKMARK [3][-]{subsubsection.4.24.3.7}{\376\377\000k\000i\000c\000k}{subsection.4.24.3}
\BOOKMARK [3][-]{subsubsection.4.24.3.8}{\376\377\000m\000o\000v\000e}{subsection.4.24.3}
\BOOKMARK [3][-]{subsubsection.4.24.3.9}{\376\377\000r\000e\000c\000e\000i\000v\000e}{subsection.4.24.3}
\BOOKMARK [3][-]{subsubsection.4.24.3.10}{\376\377\000s\000a\000y}{subsection.4.24.3}
\BOOKMARK [3][-]{subsubsection.4.24.3.11}{\376\377\000s\000e\000n\000d}{subsection.4.24.3}
\BOOKMARK [3][-]{subsubsection.4.24.3.12}{\376\377\000s\000e\000t\000T\000e\000a\000m}{subsection.4.24.3}
\BOOKMARK [3][-]{subsubsection.4.24.3.13}{\376\377\000t\000u\000r\000n}{subsection.4.24.3}
\BOOKMARK [1][-]{section.4.25}{\376\377\000S\000e\000n\000s\000e\000M\000e\000m\000o\000r\000y\000\040\000C\000l\000a\000s\000s\000\040\000R\000e\000f\000e\000r\000e\000n\000c\000e}{chapter.4}
\BOOKMARK [2][-]{subsection.4.25.1}{\376\377\000D\000e\000t\000a\000i\000l\000e\000d\000\040\000D\000e\000s\000c\000r\000i\000p\000t\000i\000o\000n}{section.4.25}
\BOOKMARK [2][-]{subsection.4.25.2}{\376\377\000C\000o\000n\000s\000t\000r\000u\000c\000t\000o\000r\000\040\000\046\000\040\000D\000e\000s\000t\000r\000u\000c\000t\000o\000r\000\040\000D\000o\000c\000u\000m\000e\000n\000t\000a\000t\000i\000o\000n}{section.4.25}
\BOOKMARK [3][-]{subsubsection.4.25.2.1}{\376\377\000S\000e\000n\000s\000e\000M\000e\000m\000o\000r\000y}{subsection.4.25.2}
\BOOKMARK [3][-]{subsubsection.4.25.2.2}{\376\377\000S\000e\000n\000s\000e\000M\000e\000m\000o\000r\000y}{subsection.4.25.2}
\BOOKMARK [2][-]{subsection.4.25.3}{\376\377\000M\000e\000m\000b\000e\000r\000\040\000F\000u\000n\000c\000t\000i\000o\000n\000\040\000D\000o\000c\000u\000m\000e\000n\000t\000a\000t\000i\000o\000n}{section.4.25}
\BOOKMARK [3][-]{subsubsection.4.25.3.1}{\376\377\000g\000e\000t\000T\000i\000m\000e}{subsection.4.25.3}
\BOOKMARK [3][-]{subsubsection.4.25.3.2}{\376\377\000s\000e\000t\000T\000i\000m\000e}{subsection.4.25.3}
\BOOKMARK [3][-]{subsubsection.4.25.3.3}{\376\377\000s\000e\000t\000T\000i\000m\000e}{subsection.4.25.3}
\BOOKMARK [0][-]{chapter.5}{\376\377\000F\000i\000l\000e\000\040\000D\000o\000c\000u\000m\000e\000n\000t\000a\000t\000i\000o\000n}{}
\BOOKMARK [1][-]{section.5.1}{\376\377\000A\000c\000t\000i\000o\000n\000.\000j\000a\000v\000a\000\040\000F\000i\000l\000e\000\040\000R\000e\000f\000e\000r\000e\000n\000c\000e}{chapter.5}
\BOOKMARK [2][-]{subsection.5.1.1}{\376\377\000D\000e\000t\000a\000i\000l\000e\000d\000\040\000D\000e\000s\000c\000r\000i\000p\000t\000i\000o\000n}{section.5.1}
\BOOKMARK [1][-]{section.5.2}{\376\377\000B\000r\000a\000i\000n\000.\000j\000a\000v\000a\000\040\000F\000i\000l\000e\000\040\000R\000e\000f\000e\000r\000e\000n\000c\000e}{chapter.5}
\BOOKMARK [2][-]{subsection.5.2.1}{\376\377\000D\000e\000t\000a\000i\000l\000e\000d\000\040\000D\000e\000s\000c\000r\000i\000p\000t\000i\000o\000n}{section.5.2}
\BOOKMARK [1][-]{section.5.3}{\376\377\000F\000i\000e\000l\000d\000.\000j\000a\000v\000a\000\040\000F\000i\000l\000e\000\040\000R\000e\000f\000e\000r\000e\000n\000c\000e}{chapter.5}
\BOOKMARK [2][-]{subsection.5.3.1}{\376\377\000D\000e\000t\000a\000i\000l\000e\000d\000\040\000D\000e\000s\000c\000r\000i\000p\000t\000i\000o\000n}{section.5.3}
\BOOKMARK [1][-]{section.5.4}{\376\377\000F\000o\000r\000w\000a\000r\000d\000.\000j\000a\000v\000a\000\040\000F\000i\000l\000e\000\040\000R\000e\000f\000e\000r\000e\000n\000c\000e}{chapter.5}
\BOOKMARK [2][-]{subsection.5.4.1}{\376\377\000D\000e\000t\000a\000i\000l\000e\000d\000\040\000D\000e\000s\000c\000r\000i\000p\000t\000i\000o\000n}{section.5.4}
\BOOKMARK [1][-]{section.5.5}{\376\377\000F\000u\000l\000l\000B\000a\000c\000k\000.\000j\000a\000v\000a\000\040\000F\000i\000l\000e\000\040\000R\000e\000f\000e\000r\000e\000n\000c\000e}{chapter.5}
\BOOKMARK [2][-]{subsection.5.5.1}{\376\377\000D\000e\000t\000a\000i\000l\000e\000d\000\040\000D\000e\000s\000c\000r\000i\000p\000t\000i\000o\000n}{section.5.5}
\BOOKMARK [1][-]{section.5.6}{\376\377\000G\000a\000m\000e\000.\000j\000a\000v\000a\000\040\000F\000i\000l\000e\000\040\000R\000e\000f\000e\000r\000e\000n\000c\000e}{chapter.5}
\BOOKMARK [2][-]{subsection.5.6.1}{\376\377\000D\000e\000t\000a\000i\000l\000e\000d\000\040\000D\000e\000s\000c\000r\000i\000p\000t\000i\000o\000n}{section.5.6}
\BOOKMARK [1][-]{section.5.7}{\376\377\000G\000o\000a\000l\000i\000e\000.\000j\000a\000v\000a\000\040\000F\000i\000l\000e\000\040\000R\000e\000f\000e\000r\000e\000n\000c\000e}{chapter.5}
\BOOKMARK [2][-]{subsection.5.7.1}{\376\377\000D\000e\000t\000a\000i\000l\000e\000d\000\040\000D\000e\000s\000c\000r\000i\000p\000t\000i\000o\000n}{section.5.7}
\BOOKMARK [1][-]{section.5.8}{\376\377\000M\000a\000t\000h\000H\000e\000l\000p\000.\000j\000a\000v\000a\000\040\000F\000i\000l\000e\000\040\000R\000e\000f\000e\000r\000e\000n\000c\000e}{chapter.5}
\BOOKMARK [2][-]{subsection.5.8.1}{\376\377\000D\000e\000t\000a\000i\000l\000e\000d\000\040\000D\000e\000s\000c\000r\000i\000p\000t\000i\000o\000n}{section.5.8}
\BOOKMARK [1][-]{section.5.9}{\376\377\000M\000e\000m\000o\000r\000y\000.\000j\000a\000v\000a\000\040\000F\000i\000l\000e\000\040\000R\000e\000f\000e\000r\000e\000n\000c\000e}{chapter.5}
\BOOKMARK [2][-]{subsection.5.9.1}{\376\377\000D\000e\000t\000a\000i\000l\000e\000d\000\040\000D\000e\000s\000c\000r\000i\000p\000t\000i\000o\000n}{section.5.9}
\BOOKMARK [1][-]{section.5.10}{\376\377\000M\000o\000d\000e\000.\000j\000a\000v\000a\000\040\000F\000i\000l\000e\000\040\000R\000e\000f\000e\000r\000e\000n\000c\000e}{chapter.5}
\BOOKMARK [2][-]{subsection.5.10.1}{\376\377\000D\000e\000t\000a\000i\000l\000e\000d\000\040\000D\000e\000s\000c\000r\000i\000p\000t\000i\000o\000n}{section.5.10}
\BOOKMARK [1][-]{section.5.11}{\376\377\000O\000b\000j\000I\000n\000f\000o\000.\000j\000a\000v\000a\000\040\000F\000i\000l\000e\000\040\000R\000e\000f\000e\000r\000e\000n\000c\000e}{chapter.5}
\BOOKMARK [2][-]{subsection.5.11.1}{\376\377\000D\000e\000t\000a\000i\000l\000e\000d\000\040\000D\000e\000s\000c\000r\000i\000p\000t\000i\000o\000n}{section.5.11}
\BOOKMARK [1][-]{section.5.12}{\376\377\000O\000b\000j\000M\000e\000m\000o\000r\000y\000.\000j\000a\000v\000a\000\040\000F\000i\000l\000e\000\040\000R\000e\000f\000e\000r\000e\000n\000c\000e}{chapter.5}
\BOOKMARK [2][-]{subsection.5.12.1}{\376\377\000D\000e\000t\000a\000i\000l\000e\000d\000\040\000D\000e\000s\000c\000r\000i\000p\000t\000i\000o\000n}{section.5.12}
\BOOKMARK [1][-]{section.5.13}{\376\377\000P\000a\000r\000s\000e\000r\000.\000j\000a\000v\000a\000\040\000F\000i\000l\000e\000\040\000R\000e\000f\000e\000r\000e\000n\000c\000e}{chapter.5}
\BOOKMARK [2][-]{subsection.5.13.1}{\376\377\000D\000e\000t\000a\000i\000l\000e\000d\000\040\000D\000e\000s\000c\000r\000i\000p\000t\000i\000o\000n}{section.5.13}
\BOOKMARK [1][-]{section.5.14}{\376\377\000P\000l\000a\000y\000e\000r\000.\000j\000a\000v\000a\000\040\000F\000i\000l\000e\000\040\000R\000e\000f\000e\000r\000e\000n\000c\000e}{chapter.5}
\BOOKMARK [2][-]{subsection.5.14.1}{\376\377\000D\000e\000t\000a\000i\000l\000e\000d\000\040\000D\000e\000s\000c\000r\000i\000p\000t\000i\000o\000n}{section.5.14}
\BOOKMARK [1][-]{section.5.15}{\376\377\000P\000o\000s\000.\000j\000a\000v\000a\000\040\000F\000i\000l\000e\000\040\000R\000e\000f\000e\000r\000e\000n\000c\000e}{chapter.5}
\BOOKMARK [2][-]{subsection.5.15.1}{\376\377\000D\000e\000t\000a\000i\000l\000e\000d\000\040\000D\000e\000s\000c\000r\000i\000p\000t\000i\000o\000n}{section.5.15}
\BOOKMARK [1][-]{section.5.16}{\376\377\000R\000o\000b\000o\000C\000l\000i\000e\000n\000t\000.\000j\000a\000v\000a\000\040\000F\000i\000l\000e\000\040\000R\000e\000f\000e\000r\000e\000n\000c\000e}{chapter.5}
\BOOKMARK [2][-]{subsection.5.16.1}{\376\377\000D\000e\000t\000a\000i\000l\000e\000d\000\040\000D\000e\000s\000c\000r\000i\000p\000t\000i\000o\000n}{section.5.16}
\BOOKMARK [1][-]{section.5.17}{\376\377\000S\000e\000n\000s\000e\000M\000e\000m\000o\000r\000y\000.\000j\000a\000v\000a\000\040\000F\000i\000l\000e\000\040\000R\000e\000f\000e\000r\000e\000n\000c\000e}{chapter.5}
\BOOKMARK [2][-]{subsection.5.17.1}{\376\377\000D\000e\000t\000a\000i\000l\000e\000d\000\040\000D\000e\000s\000c\000r\000i\000p\000t\000i\000o\000n}{section.5.17}
